<?xml version="1.0" encoding="UTF-8"?>
<testsuite xmlns:xsi="http://www.w3.org/2001/XMLSchema-instance" xsi:noNamespaceSchemaLocation="https://maven.apache.org/surefire/maven-surefire-plugin/xsd/surefire-test-report.xsd" version="3.0.2" name="br.com.meettime.desafiooauth.DesafioOauthApplicationTests" time="1.938" tests="1" errors="0" skipped="0" failures="0">
  <properties>
[...]
</properties>
  <testcase name="contextLoads" classname="br.com.meettime.desafiooauth.DesafioOauthApplicationTests" time="0.493">
    <system-out><![CDATA[01:50:27.602 [main] INFO org.springframework.test.context.support.AnnotationConfigContextLoaderUtils -- Could not detect default configuration classes for test class [br.com.meettime.desafiooauth.DesafioOauthApplicationTests]: DesafioOauthApplicationTests does not declare any static, non-private, non-final, nested classes annotated with @Configuration.
01:50:27.688 [main] INFO org.springframework.boot.test.context.SpringBootTestContextBootstrapper -- Found @SpringBootConfiguration br.com.meettime.desafiooauth.DesafioOauthApplication for test class br.com.meettime.desafiooauth.DesafioOauthApplicationTests

  .   ____          _            __ _ _
 /\\ / ___'_ __ _ _(_)_ __  __ _ \ \ \ \
( ( )\___ | '_ | '_| | '_ \/ _` | \ \ \ \
 \\/  ___)| |_)| | | | | || (_| |  ) ) ) )
  '  |____| .__|_| |_|_| |_\__, | / / / /
 =========|_|==============|___/=/_/_/_/

 :: Spring Boot ::                (v3.4.3)

2025-03-07T01:50:27.961-03:00  INFO 24325 --- [desafio-oauth] [           main] b.c.m.d.DesafioOauthApplicationTests     : Starting DesafioOauthApplicationTests using Java 21.0.6 with PID 24325 (started by alexsandermartins in /Users/alexsandermartins/IdeaProjects/desafio-oauth)
2025-03-07T01:50:27.962-03:00  INFO 24325 --- [desafio-oauth] [           main] b.c.m.d.DesafioOauthApplicationTests     : No active profile set, falling back to 1 default profile: "default"
2025-03-07T01:50:28.930-03:00  INFO 24325 --- [desafio-oauth] [           main] b.c.m.d.DesafioOauthApplicationTests     : Started DesafioOauthApplicationTests in 1.16 seconds (process running for 1.751)
]]></system-out>
    <system-err><![CDATA[Mockito is currently self-attaching to enable the inline-mock-maker. This will no longer work in future releases of the JDK. Please add Mockito as an agent to your build what is described in Mockito's documentation: https://javadoc.io/doc/org.mockito/mockito-core/latest/org/mockito/Mockito.html#0.3
WARNING: A Java agent has been loaded dynamically (/Users/alexsandermartins/.m2/repository/net/bytebuddy/byte-buddy-agent/1.15.11/byte-buddy-agent-1.15.11.jar)
WARNING: If a serviceability tool is in use, please run with -XX:+EnableDynamicAgentLoading to hide this warning
WARNING: If a serviceability tool is not in use, please run with -Djdk.instrument.traceUsage for more information
WARNING: Dynamic loading of agents will be disallowed by default in a future release
]]></system-err>
  </testcase>
</testsuite>